<!DOCTYPE html>
<!-- Generated by ame util library -->
<html>
<head>
	<meta charset="UTF-8">
	<title>Another Memory Ends</title>
	<link rel="stylesheet" type="text/css" href="../CSS/docgen_style.css">
</head>
<body>
	<h1>test macros</h1>
	<br>
	<p>macros to be used within tests</p>
	<br>
	<section class="main">
		<h2 id="ftest_test_macros_TestResult">TestResult</h2>
		<description><b>type:</b> <i>C enum</i></description>
		<br>
		<description><b>description: </b>test result</description>
		<table>
			<tbody>
				<tr>
				<td><code>  TEST_FAILED</code></td>
				<td>one or more errors in test</td>
				</tr>
				<tr>
				<td><code>  TEST_PASSED</code></td>
				<td>no errors</td>
				</tr>
				<tr>
				<td><code>  TEST_NULL // test is not yet implemented</code></td>
				<td></td>
				</tr>
			</tbody>
		</table>
		<h2 id="ftest_test_macros_FTEST">FTEST</h2>
		<pre><code class="prepro">#define FTEST(name) void name(TestResult *out_result)</code></pre>
		<description><b>type:</b> <i>C preprocessor definition</i></description>
		<br>
		<description><b>description: </b>declares a test</description>
		<h2 id="ftest_test_macros_FTEST_ERROR_EMPTY">FTEST_ERROR_EMPTY</h2>
		<pre><code class="prepro">#define FTEST_ERROR_EMPTY() printf_s("%s (%i)\n", __FILE__, __LINE__); *out_result = TEST_FAILED</code></pre>
		<description><b>type:</b> <i>C preprocessor definition</i></description>
		<br>
		<description><b>description: </b>triggers a test error</description>
		<h2 id="ftest_test_macros_FTEST_ERROR">FTEST_ERROR</h2>
		<pre><code class="prepro">#define FTEST_ERROR(error) printf_s("%s (%i) : %s\n", __FILE__, __LINE__, error); *out_result = TEST_FAILED</code></pre>
		<description><b>type:</b> <i>C preprocessor definition</i></description>
		<br>
		<description><b>description: </b>triggers a test error with message</description>
		<h2 id="ftest_test_macros_FTEST_EQUAL">FTEST_EQUAL</h2>
		<pre><code class="prepro">#define FTEST_EQUAL(value1, value2) if ((value1 == value2) == false){ printf_s("%s (%i) : %s not equal %s\n", __FILE__, __LINE__, #value1, #value2); *out_result = TEST_FAILED; }</code></pre>
		<description><b>type:</b> <i>C preprocessor definition</i></description>
		<br>
		<description><b>description: </b>tests if expressions are equal</description>
		<h2 id="ftest_test_macros_FTEST_NOT_EQUAL">FTEST_NOT_EQUAL</h2>
		<pre><code class="prepro">#define FTEST_NOT_EQUAL(value1, value2) if ((value1 != value2) == false){ printf_s("%s (%i) : %s equal %s\n", __FILE__, __LINE__, #value1, #value2); *out_result = TEST_FAILED; }</code></pre>
		<description><b>type:</b> <i>C preprocessor definition</i></description>
		<br>
		<description><b>description: </b>tests if expressions are different</description>
		<h2 id="ftest_test_macros_FTEST_TRUE">FTEST_TRUE</h2>
		<pre><code class="prepro">#define FTEST_TRUE(value) if (value == false){ printf_s("%s (%i) : %s is false\n", __FILE__, __LINE__, #value); *out_result = TEST_FAILED; }</code></pre>
		<description><b>type:</b> <i>C preprocessor definition</i></description>
		<br>
		<description><b>description: </b>tests if expression is true</description>
		<h2 id="ftest_test_macros_FTEST_FALSE">FTEST_FALSE</h2>
		<pre><code class="prepro">#define FTEST_FALSE(value) if (value == true) { printf_s("%s (%i) : %s is true\n", __FILE__, __LINE__, #value); *out_result = TEST_FAILED; }</code></pre>
		<description><b>type:</b> <i>C preprocessor definition</i></description>
		<br>
		<description><b>description: </b>tests if expression is false</description>
		<h2 id="ftest_test_macros_FTEST_PRINT">FTEST_PRINT</h2>
		<pre><code class="prepro">#define FTEST_PRINT printf_s</code></pre>
		<description><b>type:</b> <i>C preprocessor definition</i></description>
		<br>
		<description><b>description: </b>print function</description>
		<h2 id="ftest_test_macros_FTEST_NOT_IMPLEMENTED">FTEST_NOT_IMPLEMENTED</h2>
		<pre><code class="prepro">#define FTEST_NOT_IMPLEMENTED() *out_result = TEST_NULL</code></pre>
		<description><b>type:</b> <i>C preprocessor definition</i></description>
		<br>
		<description><b>description: </b>declare test as no implemented</description>
	</section>
	<nav class="menu">
		<a href="../index.html">Home</a>
		<a href="cmake.html">cmake</a>
		<a href="ftest.html">ftest</a>
		<a class="section" href="ftest_base_types.html">base types</a>
		<a class="current_section" href="ftest_test_macros.html">test macros</a>
		<a class="section" href="ftest_test_tools.html">test tools</a>
		<a href="math.html">math</a>
		<a href="core.html">core</a>
		<a href="image.html">image</a>
		<a href="graphics.html">graphics</a>
		<a href="input.html">input</a>
		<a href="util.html">util</a>
		<a href="documentation.html">documentation</a>
	</nav>
	<footer>
		<p>Another Memory Ends - Reference</p>
	</footer>
</body>
</html>
